NotificationToast/app/build/intermediates/manifest_merge_blame_file/debug/manifest-merger-blame-debug-report.txt
1<?xml version="1.0" encoding="utf-8"?>
2<manifest xmlns:android="http://schemas.android.com/apk/res/android"
3    package="course.examples.notification.toast" >
4
5    <uses-sdk
6        android:minSdkVersion="27"
6-->src\main\AndroidManifest.xml
7        android:targetSdkVersion="29" />
7-->src\main\AndroidManifest.xml
8
9    <application
9-->src\main\AndroidManifest.xml:5:5-19:19
10        android:allowBackup="false"
10-->src\main\AndroidManifest.xml:6:9-36
11        android:debuggable="true"
12        android:icon="@mipmap/ic_launcher"
12-->src\main\AndroidManifest.xml:7:9-43
13        android:label="@string/app_name"
13-->src\main\AndroidManifest.xml:8:9-41
14        android:testOnly="true"
15        android:theme="@style/MaterialTheme" >
15-->src\main\AndroidManifest.xml:9:9-45
16        <activity
16-->src\main\AndroidManifest.xml:10:9-18:20
17            android:name="course.examples.notification.toast.NotificationToastActivity"
17-->src\main\AndroidManifest.xml:11:13-88
18            android:label="@string/app_name" >
18-->src\main\AndroidManifest.xml:12:13-45
19            <intent-filter>
19-->src\main\AndroidManifest.xml:13:13-17:29
20                <action android:name="android.intent.action.MAIN" />
20-->src\main\AndroidManifest.xml:14:17-69
20-->src\main\AndroidManifest.xml:14:25-66
21
22                <category android:name="android.intent.category.LAUNCHER" />
22-->src\main\AndroidManifest.xml:16:17-77
22-->src\main\AndroidManifest.xml:16:27-74
23            </intent-filter>
24        </activity>
25    </application>
26
27</manifest>